<?xml version="1.0" encoding="UTF-8"?>
<!-- Generated by org.testng.reporters.JUnitReportReporter -->
<testsuite hostname="LAPTOP-HH7IGSDH" failures="0" tests="1" name="com.RecipeScrapingHackathon.testCases.TC_001RecipeAtoZ" time="48.421" errors="0" timestamp="08 Feb 2022 04:45:08 GMT" skipped="0">
  <testcase classname="com.RecipeScrapingHackathon.testCases.TC_001RecipeAtoZ" name="RecipeAtoZTest" time="48.421"/>
</testsuite> <!-- com.RecipeScrapingHackathon.testCases.TC_001RecipeAtoZ -->
