<?xml version="1.0" encoding="UTF-8"?>
<!-- Generated by org.testng.reporters.JUnitReportReporter -->
<testsuite hostname="LAPTOP-HH7IGSDH" failures="0" tests="1" name="com.RecipeScrapingHackathon.testCases.TC_001HomPage" time="41.572" errors="0" timestamp="07 Feb 2022 19:05:05 GMT" skipped="0">
  <testcase classname="com.RecipeScrapingHackathon.testCases.TC_001HomPage" name="HomePageTest" time="41.572"/>
</testsuite> <!-- com.RecipeScrapingHackathon.testCases.TC_001HomPage -->
