<?xml version="1.0" encoding="UTF-8"?>
<!-- Generated by org.testng.reporters.JUnitReportReporter -->
<testsuite hostname="LAPTOP-HH7IGSDH" failures="0" tests="1" name="com.RecipeScrapingHackathon.testCases.TC15_ScrapingAlphabetO" time="386.964" errors="1" timestamp="14 Feb 2022 06:53:52 GMT" skipped="0">
  <testcase classname="com.RecipeScrapingHackathon.testCases.TC15_ScrapingAlphabetO" name="ScrapingPageTestO" time="386.964">
    <error message="Fail to save: an error occurs while saving the package : The part /xl/sharedStrings.xml failed to be saved in the stream with marshaller org.apache.poi.openxml4j.opc.internal.marshallers.DefaultMarshaller@70a6fb94" type="org.apache.poi.openxml4j.exceptions.OpenXML4JRuntimeException">
      <![CDATA[org.apache.poi.openxml4j.exceptions.OpenXML4JRuntimeException: Fail to save: an error occurs while saving the package : The part /xl/sharedStrings.xml failed to be saved in the stream with marshaller org.apache.poi.openxml4j.opc.internal.marshallers.DefaultMarshaller@70a6fb94
at org.apache.poi.openxml4j.opc.ZipPackage.saveImpl(ZipPackage.java:595)
at org.apache.poi.openxml4j.opc.OPCPackage.save(OPCPackage.java:1539)
at org.apache.poi.POIXMLDocument.write(POIXMLDocument.java:227)
at com.RecipeScrapingHackathon.utilities.XLUtils.setCellData(XLUtils.java:139)
at com.RecipeScrapingHackathon.pageObjects.ScrapingPageAlphabetO.recipeScraping(ScrapingPageAlphabetO.java:175)
at com.RecipeScrapingHackathon.testCases.TC15_ScrapingAlphabetO.ScrapingPageTestO(TC15_ScrapingAlphabetO.java:48)
at java.base/jdk.internal.reflect.NativeMethodAccessorImpl.invoke0(Native Method)
at java.base/jdk.internal.reflect.NativeMethodAccessorImpl.invoke(NativeMethodAccessorImpl.java:77)
at java.base/jdk.internal.reflect.DelegatingMethodAccessorImpl.invoke(DelegatingMethodAccessorImpl.java:43)
at java.base/java.lang.reflect.Method.invoke(Method.java:568)
at org.testng.internal.MethodInvocationHelper.invokeMethod(MethodInvocationHelper.java:124)
at org.testng.internal.Invoker.invokeMethod(Invoker.java:583)
at org.testng.internal.Invoker.invokeTestMethod(Invoker.java:719)
at org.testng.internal.Invoker.invokeTestMethods(Invoker.java:989)
at org.testng.internal.TestMethodWorker.invokeTestMethods(TestMethodWorker.java:125)
at org.testng.internal.TestMethodWorker.run(TestMethodWorker.java:109)
at org.testng.TestRunner.privateRun(TestRunner.java:648)
at org.testng.TestRunner.run(TestRunner.java:505)
at org.testng.SuiteRunner.runTest(SuiteRunner.java:455)
at org.testng.SuiteRunner.access$000(SuiteRunner.java:40)
at org.testng.SuiteRunner$SuiteWorker.run(SuiteRunner.java:489)
at org.testng.internal.thread.ThreadUtil$1.call(ThreadUtil.java:52)
at java.base/java.util.concurrent.FutureTask.run(FutureTask.java:264)
at java.base/java.util.concurrent.ThreadPoolExecutor.runWorker(ThreadPoolExecutor.java:1136)
at java.base/java.util.concurrent.ThreadPoolExecutor$Worker.run(ThreadPoolExecutor.java:635)
at java.base/java.lang.Thread.run(Thread.java:833)
Caused by: org.apache.poi.openxml4j.exceptions.OpenXML4JException: The part /xl/sharedStrings.xml failed to be saved in the stream with marshaller org.apache.poi.openxml4j.opc.internal.marshallers.DefaultMarshaller@70a6fb94
at org.apache.poi.openxml4j.opc.ZipPackage.saveImpl(ZipPackage.java:586)
... 25 more
]]>
    </error>
  </testcase> <!-- ScrapingPageTestO -->
</testsuite> <!-- com.RecipeScrapingHackathon.testCases.TC15_ScrapingAlphabetO -->
