<?xml version="1.0" encoding="UTF-8"?>
<!-- Generated by org.testng.reporters.JUnitReportReporter -->
<testsuite hostname="LAPTOP-HH7IGSDH" failures="0" tests="1" name="com.RecipeScrapingHackathon.testCases.Sample" time="144.674" errors="1" timestamp="08 Feb 2022 03:59:00 GMT" skipped="0">
  <testcase classname="com.RecipeScrapingHackathon.testCases.Sample" name="Scraping" time="144.674">
    <error message="no such element: Unable to locate element: {&quot;method&quot;:&quot;link text&quot;,&quot;selector&quot;:&quot;For pindi chole
To make pindi chole, make a small potli by tying the cardamom, cinnamon and tea powder in a 2&quot; x 2&quot; piece of muslin cloth.
Combine the kabuli chana, chana dal, potli, baking soda, salt and 2½ cups of water in a pressure cooker, mix well and pressure cook for 3 whistles.
Allow the steam to escape before opening the lid.
Discard the potli and keep aside.
Heat the oil in a deep non-stick pan, add the cumin seeds, ginger and green chillies and sauté on a medium flame for 30 seconds.
Add the onions and garlic paste and sauté on a medium flame for 5 minutes.
Add the tomato pulp, mix well and cook on a medium flame for 3 minutes, while stirring occasionally.
Add the coriander powder, garam masala, chilli powder, chole masala, mix well and cook on a medium flame for 1 minute, while stirring occasionally.
Add the kabuli chana along with the water and salt, mix well and cook on a medium flame for 16 minutes or till the water dries out, while stirring occasionally.
Add the coriander and mix well.
Serve the pindi chole hot.&quot;}
  (Session info: chrome=98.0.4758.80)
For documentation on this error, please visit: https://selenium.dev/exceptions/#no_such_element
Build info: version: &#039;4.0.0&#039;, revision: &#039;3a21814679&#039;
System info: host: &#039;LAPTOP-HH7IGSDH&#039;, ip: &#039;192.168.0.17&#039;, os.name: &#039;Windows 10&#039;, os.arch: &#039;amd64&#039;, os.version: &#039;10.0&#039;, java.version: &#039;17.0.1&#039;
Driver info: org.openqa.selenium.chrome.ChromeDriver
Command: [b86c71147ea8ddb7010e44c47b08796f, findElement {using=link text, value=For pindi chole
To make pindi chole, make a small potli by tying the cardamom, cinnamon and tea powder in a 2&quot; x 2&quot; piece of muslin cloth.
Combine the kabuli chana, chana dal, potli, baking soda, salt and 2½ cups of water in a pressure cooker, mix well and pressure cook for 3 whistles.
Allow the steam to escape before opening the lid.
Discard the potli and keep aside.
Heat the oil in a deep non-stick pan, add the cumin seeds, ginger and green chillies and sauté on a medium flame for 30 seconds.
Add the onions and garlic paste and sauté on a medium flame for 5 minutes.
Add the tomato pulp, mix well and cook on a medium flame for 3 minutes, while stirring occasionally.
Add the coriander powder, garam masala, chilli powder, chole masala, mix well and cook on a medium flame for 1 minute, while stirring occasionally.
Add the kabuli chana along with the water and salt, mix well and cook on a medium flame for 16 minutes or till the water dries out, while stirring occasionally.
Add the coriander and mix well.
Serve the pindi chole hot.}]
Capabilities {acceptInsecureCerts: false, browserName: chrome, browserVersion: 98.0.4758.80, chrome: {chromedriverVersion: 98.0.4758.48 (d869ab3eda606..., userDataDir: C:\Users\sethu\AppData\Loca...}, goog:chromeOptions: {debuggerAddress: localhost:49455}, javascriptEnabled: true, networkConnectionEnabled: false, pageLoadStrategy: normal, platform: WINDOWS, platformName: WINDOWS, proxy: Proxy(), se:cdp: ws://localhost:49455/devtoo..., se:cdpVersion: 98.0.4758.80, setWindowRect: true, strictFileInteractability: false, timeouts: {implicit: 0, pageLoad: 300000, script: 30000}, unhandledPromptBehavior: dismiss and notify, webauthn:extension:credBlob: true, webauthn:extension:largeBlob: true, webauthn:virtualAuthenticators: true}
Session ID: b86c71147ea8ddb7010e44c47b08796f" type="org.openqa.selenium.NoSuchElementException">
      <![CDATA[org.openqa.selenium.NoSuchElementException: no such element: Unable to locate element: {"method":"link text","selector":"For pindi chole
To make pindi chole, make a small potli by tying the cardamom, cinnamon and tea powder in a 2" x 2" piece of muslin cloth.
Combine the kabuli chana, chana dal, potli, baking soda, salt and 2½ cups of water in a pressure cooker, mix well and pressure cook for 3 whistles.
Allow the steam to escape before opening the lid.
Discard the potli and keep aside.
Heat the oil in a deep non-stick pan, add the cumin seeds, ginger and green chillies and sauté on a medium flame for 30 seconds.
Add the onions and garlic paste and sauté on a medium flame for 5 minutes.
Add the tomato pulp, mix well and cook on a medium flame for 3 minutes, while stirring occasionally.
Add the coriander powder, garam masala, chilli powder, chole masala, mix well and cook on a medium flame for 1 minute, while stirring occasionally.
Add the kabuli chana along with the water and salt, mix well and cook on a medium flame for 16 minutes or till the water dries out, while stirring occasionally.
Add the coriander and mix well.
Serve the pindi chole hot."}
  (Session info: chrome=98.0.4758.80)
For documentation on this error, please visit: https://selenium.dev/exceptions/#no_such_element
Build info: version: '4.0.0', revision: '3a21814679'
System info: host: 'LAPTOP-HH7IGSDH', ip: '192.168.0.17', os.name: 'Windows 10', os.arch: 'amd64', os.version: '10.0', java.version: '17.0.1'
Driver info: org.openqa.selenium.chrome.ChromeDriver
Command: [b86c71147ea8ddb7010e44c47b08796f, findElement {using=link text, value=For pindi chole
To make pindi chole, make a small potli by tying the cardamom, cinnamon and tea powder in a 2" x 2" piece of muslin cloth.
Combine the kabuli chana, chana dal, potli, baking soda, salt and 2½ cups of water in a pressure cooker, mix well and pressure cook for 3 whistles.
Allow the steam to escape before opening the lid.
Discard the potli and keep aside.
Heat the oil in a deep non-stick pan, add the cumin seeds, ginger and green chillies and sauté on a medium flame for 30 seconds.
Add the onions and garlic paste and sauté on a medium flame for 5 minutes.
Add the tomato pulp, mix well and cook on a medium flame for 3 minutes, while stirring occasionally.
Add the coriander powder, garam masala, chilli powder, chole masala, mix well and cook on a medium flame for 1 minute, while stirring occasionally.
Add the kabuli chana along with the water and salt, mix well and cook on a medium flame for 16 minutes or till the water dries out, while stirring occasionally.
Add the coriander and mix well.
Serve the pindi chole hot.}]
Capabilities {acceptInsecureCerts: false, browserName: chrome, browserVersion: 98.0.4758.80, chrome: {chromedriverVersion: 98.0.4758.48 (d869ab3eda606..., userDataDir: C:\Users\sethu\AppData\Loca...}, goog:chromeOptions: {debuggerAddress: localhost:49455}, javascriptEnabled: true, networkConnectionEnabled: false, pageLoadStrategy: normal, platform: WINDOWS, platformName: WINDOWS, proxy: Proxy(), se:cdp: ws://localhost:49455/devtoo..., se:cdpVersion: 98.0.4758.80, setWindowRect: true, strictFileInteractability: false, timeouts: {implicit: 0, pageLoad: 300000, script: 30000}, unhandledPromptBehavior: dismiss and notify, webauthn:extension:credBlob: true, webauthn:extension:largeBlob: true, webauthn:virtualAuthenticators: true}
Session ID: b86c71147ea8ddb7010e44c47b08796f
at java.base/jdk.internal.reflect.NativeConstructorAccessorImpl.newInstance0(Native Method)
at java.base/jdk.internal.reflect.NativeConstructorAccessorImpl.newInstance(NativeConstructorAccessorImpl.java:77)
at java.base/jdk.internal.reflect.DelegatingConstructorAccessorImpl.newInstance(DelegatingConstructorAccessorImpl.java:45)
at java.base/java.lang.reflect.Constructor.newInstanceWithCaller(Constructor.java:499)
at java.base/java.lang.reflect.Constructor.newInstance(Constructor.java:480)
at org.openqa.selenium.remote.codec.w3c.W3CHttpResponseCodec.createException(W3CHttpResponseCodec.java:200)
at org.openqa.selenium.remote.codec.w3c.W3CHttpResponseCodec.decode(W3CHttpResponseCodec.java:133)
at org.openqa.selenium.remote.codec.w3c.W3CHttpResponseCodec.decode(W3CHttpResponseCodec.java:53)
at org.openqa.selenium.remote.HttpCommandExecutor.execute(HttpCommandExecutor.java:184)
at org.openqa.selenium.remote.service.DriverCommandExecutor.invokeExecute(DriverCommandExecutor.java:164)
at org.openqa.selenium.remote.service.DriverCommandExecutor.execute(DriverCommandExecutor.java:139)
at org.openqa.selenium.remote.RemoteWebDriver.execute(RemoteWebDriver.java:559)
at org.openqa.selenium.remote.ElementLocation$ElementFinder$2.findElement(ElementLocation.java:162)
at org.openqa.selenium.remote.ElementLocation.findElement(ElementLocation.java:60)
at org.openqa.selenium.remote.RemoteWebDriver.findElement(RemoteWebDriver.java:383)
at org.openqa.selenium.remote.RemoteWebDriver.findElement(RemoteWebDriver.java:375)
at com.RecipeScrapingHackathon.testCases.Sample.Scraping(Sample.java:118)
at java.base/jdk.internal.reflect.NativeMethodAccessorImpl.invoke0(Native Method)
at java.base/jdk.internal.reflect.NativeMethodAccessorImpl.invoke(NativeMethodAccessorImpl.java:77)
at java.base/jdk.internal.reflect.DelegatingMethodAccessorImpl.invoke(DelegatingMethodAccessorImpl.java:43)
at java.base/java.lang.reflect.Method.invoke(Method.java:568)
at org.testng.internal.MethodInvocationHelper.invokeMethod(MethodInvocationHelper.java:124)
at org.testng.internal.Invoker.invokeMethod(Invoker.java:583)
at org.testng.internal.Invoker.invokeTestMethod(Invoker.java:719)
at org.testng.internal.Invoker.invokeTestMethods(Invoker.java:989)
at org.testng.internal.TestMethodWorker.invokeTestMethods(TestMethodWorker.java:125)
at org.testng.internal.TestMethodWorker.run(TestMethodWorker.java:109)
at org.testng.TestRunner.privateRun(TestRunner.java:648)
at org.testng.TestRunner.run(TestRunner.java:505)
at org.testng.SuiteRunner.runTest(SuiteRunner.java:455)
at org.testng.SuiteRunner.runSequentially(SuiteRunner.java:450)
at org.testng.SuiteRunner.privateRun(SuiteRunner.java:415)
at org.testng.SuiteRunner.run(SuiteRunner.java:364)
at org.testng.SuiteRunnerWorker.runSuite(SuiteRunnerWorker.java:52)
at org.testng.SuiteRunnerWorker.run(SuiteRunnerWorker.java:84)
at org.testng.TestNG.runSuitesSequentially(TestNG.java:1208)
at org.testng.TestNG.runSuitesLocally(TestNG.java:1137)
at org.testng.TestNG.runSuites(TestNG.java:1049)
at org.testng.TestNG.run(TestNG.java:1017)
at org.testng.remote.AbstractRemoteTestNG.run(AbstractRemoteTestNG.java:115)
at org.testng.remote.RemoteTestNG.initAndRun(RemoteTestNG.java:251)
at org.testng.remote.RemoteTestNG.main(RemoteTestNG.java:77)
]]>
    </error>
  </testcase> <!-- Scraping -->
</testsuite> <!-- com.RecipeScrapingHackathon.testCases.Sample -->
